<?xml version="1.0" encoding="UTF-8"?>
<testsuite name="unitTdd.BuyingHandleTest" time="0.013" tests="9" errors="4" skipped="0" failures="1">
  <properties>
[...]
</properties>
  <testcase name="saveOnePurchaseDetailsShouldBeSavedTest" classname="unitTdd.BuyingHandleTest" time="0.01">
    <error message="La tva n&apos;est pas valide" type="com.tsconsulting.businessManage.application.domain.exception.ControlPurchaseDetailException"><![CDATA[com.tsconsulting.businessManage.application.domain.exception.ControlPurchaseDetailException: La tva n'est pas valide
	at com.tsconsulting.businessManage.application.domain.model.PurchaseProductDetail.checkTva(PurchaseProductDetail.java:69)
	at com.tsconsulting.businessManage.application.domain.model.PurchaseProductDetail.isParametersValid(PurchaseProductDetail.java:47)
	at com.tsconsulting.businessManage.application.domain.model.PurchaseProductDetail.<init>(PurchaseProductDetail.java:26)
	at com.tsconsulting.businessManage.application.domain.usescase.BuyingHandle.savePurchaseDetails(BuyingHandle.java:49)
	at unitTdd.BuyingHandleTest.saveOnePurchaseDetailsShouldBeSavedTest(BuyingHandleTest.java:92)
]]></error>
  </testcase>
  <testcase name="saveOnePurchaseShouldBeSavedTest" classname="unitTdd.BuyingHandleTest" time="0.001">
    <error type="java.lang.NullPointerException:">java.lang.NullPointerException: null
	at java.base/java.util.Objects.requireNonNull(Objects.java:208)
	at java.base/java.util.Optional.of(Optional.java:113)
	at com.tsconsulting.businessManage.infrastructure.adaptaters.out.data.memory.buying.SessionMemory.currentUser(SessionMemory.java:19)
	at com.tsconsulting.businessManage.application.domain.usescase.BuyingHandle.savePurchase(BuyingHandle.java:37)
	at unitTdd.BuyingHandleTest.saveOnePurchaseShouldBeSavedTest(BuyingHandleTest.java:48)
</error>
  </testcase>
  <testcase name="savePurchaseWithAllProductsTest" classname="unitTdd.BuyingHandleTest" time="0">
    <error message="La tva n&apos;est pas valide" type="com.tsconsulting.businessManage.application.domain.exception.ControlPurchaseDetailException"><![CDATA[com.tsconsulting.businessManage.application.domain.exception.ControlPurchaseDetailException: La tva n'est pas valide
	at com.tsconsulting.businessManage.application.domain.model.PurchaseProductDetail.checkTva(PurchaseProductDetail.java:69)
	at com.tsconsulting.businessManage.application.domain.model.PurchaseProductDetail.isParametersValid(PurchaseProductDetail.java:47)
	at com.tsconsulting.businessManage.application.domain.model.PurchaseProductDetail.<init>(PurchaseProductDetail.java:26)
	at unitTdd.BuyingHandleTest.savePurchaseWithAllProductsTest(BuyingHandleTest.java:168)
]]></error>
  </testcase>
  <testcase name="updateStockAndPriceTest" classname="unitTdd.BuyingHandleTest" time="0"/>
  <testcase name="saveOnePurchaseDateIsNullOrLessTodayShouldThrowInvalidateDateException" classname="unitTdd.BuyingHandleTest" time="0.001">
    <failure message="unexpected exception type thrown; expected:&lt;com.tsconsulting.businessManage.application.domain.exception.InvalideDatePurchaseException&gt; but was:&lt;java.lang.NullPointerException&gt;" type="java.lang.AssertionError"><![CDATA[java.lang.AssertionError: unexpected exception type thrown; expected:<com.tsconsulting.businessManage.application.domain.exception.InvalideDatePurchaseException> but was:<java.lang.NullPointerException>
	at java.base/java.util.Objects.requireNonNull(Objects.java:208)
	at java.base/java.util.Optional.of(Optional.java:113)
	at com.tsconsulting.businessManage.infrastructure.adaptaters.out.data.memory.buying.SessionMemory.currentUser(SessionMemory.java:19)
	at com.tsconsulting.businessManage.application.domain.usescase.BuyingHandle.savePurchase(BuyingHandle.java:37)
	at unitTdd.BuyingHandleTest.lambda$saveOnePurchaseDateIsNullOrLessTodayShouldThrowInvalidateDateException$0(BuyingHandleTest.java:63)
]]></failure>
  </testcase>
  <testcase name="savePurchaseDetailsListTest" classname="unitTdd.BuyingHandleTest" time="0">
    <error message="La tva n&apos;est pas valide" type="com.tsconsulting.businessManage.application.domain.exception.ControlPurchaseDetailException"><![CDATA[com.tsconsulting.businessManage.application.domain.exception.ControlPurchaseDetailException: La tva n'est pas valide
	at com.tsconsulting.businessManage.application.domain.model.PurchaseProductDetail.checkTva(PurchaseProductDetail.java:69)
	at com.tsconsulting.businessManage.application.domain.model.PurchaseProductDetail.isParametersValid(PurchaseProductDetail.java:47)
	at com.tsconsulting.businessManage.application.domain.model.PurchaseProductDetail.<init>(PurchaseProductDetail.java:26)
	at unitTdd.BuyingHandleTest.savePurchaseDetailsListTest(BuyingHandleTest.java:136)
]]></error>
  </testcase>
  <testcase name="saveProductWithRoleUserNotAuthorise" classname="unitTdd.BuyingHandleTest" time="0.001"/>
  <testcase name="updateStockTestPriceSeelingIsNullTest" classname="unitTdd.BuyingHandleTest" time="0"/>
  <testcase name="savePurchaseWithAllProductsNULLTest" classname="unitTdd.BuyingHandleTest" time="0"/>
</testsuite>