<?xml version="1.0" encoding="UTF-8"?>
<testsuite name="acceptance.AllTestAcceptanceTest" time="2.137" tests="12" errors="0" skipped="0" failures="0">
  <properties>
[...]
</properties>
  <testcase name="déclarer un achats dans le système en tant que gestionnaire authentifié avec un seul produit enregistrer" classname="gestion des achats" time="1.87"/>
  <testcase name="déclarer un achats dans le système en tant que gestionnaire authentifié avec plusieurs produit" classname="gestion des achats" time="0.033"/>
  <testcase name="lorsque j&apos;effectue un achat, la date doit etre obligatoire et inférieure ou égale à la date du jour. #1" classname="gestion des achats" time="0.02"/>
  <testcase name="lorsque j&apos;effectue un achat, la date doit etre obligatoire et inférieure ou égale à la date du jour. #2" classname="gestion des achats" time="0.015"/>
  <testcase name="lorsque j&apos;effectue un achat, le mode de paiement doit etre obligatoire." classname="gestion des achats" time="0.02"/>
  <testcase name="lorsque j&apos;effectue un achat, le produit doit etre obligatoire" classname="gestion des achats" time="0.019"/>
  <testcase name="lorsque je declare un achat, le detail d&apos;un produit doit etre obligatoire à renseigner #1" classname="gestion des achats" time="0.016"/>
  <testcase name="lorsque je declare un achat, le detail d&apos;un produit doit etre obligatoire à renseigner #2" classname="gestion des achats" time="0.025"/>
  <testcase name="lorsque je declare un achat, le detail d&apos;un produit doit etre obligatoire à renseigner #3" classname="gestion des achats" time="0.028"/>
  <testcase name="lorsque je declare un achat, le detail d&apos;un produit doit etre obligatoire à renseigner #4" classname="gestion des achats" time="0.028"/>
  <testcase name="lorsque je declare un achat, le detail d&apos;un produit doit etre obligatoire à renseigner #5" classname="gestion des achats" time="0.033"/>
  <testcase name="lorsque j&apos;enregitre un achat avec un role spécifié." classname="gestion des achats" time="0.03"/>
</testsuite>