<?xml version="1.0" encoding="UTF-8"?>
<testsuite name="unitTdd.BuyingHandleTest" time="0.013" tests="9" errors="4" skipped="0" failures="1">
  <properties>
    <property name="idea.version" value="2023.3.4"/>
    <property name="java.runtime.name" value="Java(TM) SE Runtime Environment"/>
    <property name="java.vm.version" value="17.0.10+11-LTS-240"/>
    <property name="sun.boot.library.path" value="C:\Program Files\Java\jdk-17\bin"/>
    <property name="maven.multiModuleProjectDirectory" value="C:\web\BusinessManageBack"/>
    <property name="java.vm.vendor" value="Oracle Corporation"/>
    <property name="java.vendor.url" value="https://java.oracle.com/"/>
    <property name="guice.disable.misplaced.annotation.check" value="true"/>
    <property name="path.separator" value=";"/>
    <property name="java.vm.name" value="Java HotSpot(TM) 64-Bit Server VM"/>
    <property name="sun.os.patch.level" value=""/>
    <property name="user.script" value=""/>
    <property name="user.country" value="FR"/>
    <property name="sun.java.launcher" value="SUN_STANDARD"/>
    <property name="java.vm.specification.name" value="Java Virtual Machine Specification"/>
    <property name="user.dir" value="C:\web\BusinessManageBack"/>
    <property name="java.vm.compressedOopsMode" value="Zero based"/>
    <property name="java.runtime.version" value="17.0.10+11-LTS-240"/>
    <property name="os.arch" value="amd64"/>
    <property name="java.io.tmpdir" value="C:\Users\TSCONS~1\AppData\Local\Temp\"/>
    <property name="line.separator" value="&#10;"/>
    <property name="java.vm.specification.vendor" value="Oracle Corporation"/>
    <property name="user.variant" value=""/>
    <property name="os.name" value="Windows 11"/>
    <property name="maven.ext.class.path" value="C:\Program Files\JetBrains\IntelliJ IDEA Community Edition 2023.3.4\plugins\maven\lib\maven-event-listener.jar"/>
    <property name="classworlds.conf" value="C:\Program Files\JetBrains\IntelliJ IDEA Community Edition 2023.3.4\plugins\maven\lib\maven3\bin\m2.conf"/>
    <property name="sun.jnu.encoding" value="Cp1252"/>
    <property name="java.library.path" value="C:\Program Files\Java\jdk-17\bin;C:\Windows\Sun\Java\bin;C:\Windows\system32;C:\Windows;C:\Program Files\Common Files\Oracle\Java\javapath;C:\Windows\system32;C:\Windows;C:\Windows\System32\Wbem;C:\Windows\System32\WindowsPowerShell\v1.0\;C:\Windows\System32\OpenSSH\;C:\Program Files\Intel\WiFi\bin\;C:\Program Files\Common Files\Intel\WirelessCommon\;C:\Program Files\Git\cmd;C:\Program Files\nodejs\;C:\Users\TS CONSULTING\AppData\Local\Microsoft\WindowsApps;C:\Users\TS CONSULTING\AppData\Roaming\npm;."/>
    <property name="jansi.passthrough" value="true"/>
    <property name="maven.conf" value="C:\Program Files\JetBrains\IntelliJ IDEA Community Edition 2023.3.4\plugins\maven\lib\maven3/conf"/>
    <property name="jdk.debug" value="release"/>
    <property name="java.class.version" value="61.0"/>
    <property name="java.specification.name" value="Java Platform API Specification"/>
    <property name="sun.management.compiler" value="HotSpot 64-Bit Tiered Compilers"/>
    <property name="os.version" value="10.0"/>
    <property name="user.home" value="C:\Users\TS CONSULTING"/>
    <property name="user.timezone" value="Europe/Paris"/>
    <property name="file.encoding" value="UTF-8"/>
    <property name="java.specification.version" value="17"/>
    <property name="user.name" value="TS CONSULTING"/>
    <property name="java.class.path" value="C:\Program Files\JetBrains\IntelliJ IDEA Community Edition 2023.3.4\plugins\maven\lib\maven3\boot\plexus-classworlds-2.7.0.jar;C:\Program Files\JetBrains\IntelliJ IDEA Community Edition 2023.3.4\plugins\maven\lib\maven3\boot\plexus-classworlds.license"/>
    <property name="java.vm.specification.version" value="17"/>
    <property name="sun.arch.data.model" value="64"/>
    <property name="sun.java.command" value="org.codehaus.classworlds.Launcher -Didea.version=2023.3.4 install"/>
    <property name="java.home" value="C:\Program Files\Java\jdk-17"/>
    <property name="user.language" value="fr"/>
    <property name="java.specification.vendor" value="Oracle Corporation"/>
    <property name="java.vm.info" value="mixed mode, sharing"/>
    <property name="java.version" value="17.0.10"/>
    <property name="native.encoding" value="Cp1252"/>
    <property name="java.vendor" value="Oracle Corporation"/>
    <property name="maven.home" value="C:\Program Files\JetBrains\IntelliJ IDEA Community Edition 2023.3.4\plugins\maven\lib\maven3"/>
    <property name="file.separator" value="\"/>
    <property name="java.version.date" value="2024-01-16"/>
    <property name="java.vendor.url.bug" value="https://bugreport.java.com/bugreport/"/>
    <property name="sun.io.unicode.encoding" value="UnicodeLittle"/>
    <property name="sun.cpu.endian" value="little"/>
    <property name="sun.cpu.isalist" value="amd64"/>
  </properties>
  <testcase name="saveOnePurchaseDetailsShouldBeSavedTest" classname="unitTdd.BuyingHandleTest" time="0.01">
    <error message="La tva n&apos;est pas valide" type="com.tsconsulting.businessManage.application.domain.exception.ControlPurchaseDetailException"><![CDATA[com.tsconsulting.businessManage.application.domain.exception.ControlPurchaseDetailException: La tva n'est pas valide
	at com.tsconsulting.businessManage.application.domain.model.PurchaseProductDetail.checkTva(PurchaseProductDetail.java:69)
	at com.tsconsulting.businessManage.application.domain.model.PurchaseProductDetail.isParametersValid(PurchaseProductDetail.java:47)
	at com.tsconsulting.businessManage.application.domain.model.PurchaseProductDetail.<init>(PurchaseProductDetail.java:26)
	at com.tsconsulting.businessManage.application.domain.usescase.BuyingHandle.savePurchaseDetails(BuyingHandle.java:49)
	at unitTdd.BuyingHandleTest.saveOnePurchaseDetailsShouldBeSavedTest(BuyingHandleTest.java:92)
]]></error>
  </testcase>
  <testcase name="saveOnePurchaseShouldBeSavedTest" classname="unitTdd.BuyingHandleTest" time="0.001">
    <error type="java.lang.NullPointerException:">java.lang.NullPointerException: null
	at java.base/java.util.Objects.requireNonNull(Objects.java:208)
	at java.base/java.util.Optional.of(Optional.java:113)
	at com.tsconsulting.businessManage.infrastructure.adaptaters.out.data.memory.buying.SessionMemory.currentUser(SessionMemory.java:19)
	at com.tsconsulting.businessManage.application.domain.usescase.BuyingHandle.savePurchase(BuyingHandle.java:37)
	at unitTdd.BuyingHandleTest.saveOnePurchaseShouldBeSavedTest(BuyingHandleTest.java:48)
</error>
  </testcase>
  <testcase name="savePurchaseWithAllProductsTest" classname="unitTdd.BuyingHandleTest" time="0">
    <error message="La tva n&apos;est pas valide" type="com.tsconsulting.businessManage.application.domain.exception.ControlPurchaseDetailException"><![CDATA[com.tsconsulting.businessManage.application.domain.exception.ControlPurchaseDetailException: La tva n'est pas valide
	at com.tsconsulting.businessManage.application.domain.model.PurchaseProductDetail.checkTva(PurchaseProductDetail.java:69)
	at com.tsconsulting.businessManage.application.domain.model.PurchaseProductDetail.isParametersValid(PurchaseProductDetail.java:47)
	at com.tsconsulting.businessManage.application.domain.model.PurchaseProductDetail.<init>(PurchaseProductDetail.java:26)
	at unitTdd.BuyingHandleTest.savePurchaseWithAllProductsTest(BuyingHandleTest.java:168)
]]></error>
  </testcase>
  <testcase name="updateStockAndPriceTest" classname="unitTdd.BuyingHandleTest" time="0"/>
  <testcase name="saveOnePurchaseDateIsNullOrLessTodayShouldThrowInvalidateDateException" classname="unitTdd.BuyingHandleTest" time="0.001">
    <failure message="unexpected exception type thrown; expected:&lt;com.tsconsulting.businessManage.application.domain.exception.InvalideDatePurchaseException&gt; but was:&lt;java.lang.NullPointerException&gt;" type="java.lang.AssertionError"><![CDATA[java.lang.AssertionError: unexpected exception type thrown; expected:<com.tsconsulting.businessManage.application.domain.exception.InvalideDatePurchaseException> but was:<java.lang.NullPointerException>
	at java.base/java.util.Objects.requireNonNull(Objects.java:208)
	at java.base/java.util.Optional.of(Optional.java:113)
	at com.tsconsulting.businessManage.infrastructure.adaptaters.out.data.memory.buying.SessionMemory.currentUser(SessionMemory.java:19)
	at com.tsconsulting.businessManage.application.domain.usescase.BuyingHandle.savePurchase(BuyingHandle.java:37)
	at unitTdd.BuyingHandleTest.lambda$saveOnePurchaseDateIsNullOrLessTodayShouldThrowInvalidateDateException$0(BuyingHandleTest.java:63)
]]></failure>
  </testcase>
  <testcase name="savePurchaseDetailsListTest" classname="unitTdd.BuyingHandleTest" time="0">
    <error message="La tva n&apos;est pas valide" type="com.tsconsulting.businessManage.application.domain.exception.ControlPurchaseDetailException"><![CDATA[com.tsconsulting.businessManage.application.domain.exception.ControlPurchaseDetailException: La tva n'est pas valide
	at com.tsconsulting.businessManage.application.domain.model.PurchaseProductDetail.checkTva(PurchaseProductDetail.java:69)
	at com.tsconsulting.businessManage.application.domain.model.PurchaseProductDetail.isParametersValid(PurchaseProductDetail.java:47)
	at com.tsconsulting.businessManage.application.domain.model.PurchaseProductDetail.<init>(PurchaseProductDetail.java:26)
	at unitTdd.BuyingHandleTest.savePurchaseDetailsListTest(BuyingHandleTest.java:136)
]]></error>
  </testcase>
  <testcase name="saveProductWithRoleUserNotAuthorise" classname="unitTdd.BuyingHandleTest" time="0.001"/>
  <testcase name="updateStockTestPriceSeelingIsNullTest" classname="unitTdd.BuyingHandleTest" time="0"/>
  <testcase name="savePurchaseWithAllProductsNULLTest" classname="unitTdd.BuyingHandleTest" time="0"/>
</testsuite>